Using pre-set license
Built from '2020.3/staging' branch; Version is '2020.3.16f1 (049d6eca3c44) revision 302446'; Using compiler version '192528614'; Build Type 'Release'
OS: 'Windows 10 Home Single Language; OS build 18363.1256; Version 1909; 64bit' Language: 'es' Physical Memory: 8051 MB
BatchMode: 1, IsHumanControllingUs: 0, StartBugReporterOnCrash: 0, Is64bit: 1, IsPro: 0

 COMMAND LINE ARGUMENTS:
D:\Program Files\Unity\2020.3.16f1\Editor\Unity.exe
-adb2
-batchMode
-noUpm
-name
AssetImportWorker0
-projectPath
D:/lulep/Documents/Unity/LudumDare49/UnstableCityProject
-logFile
Logs/AssetImportWorker0.log
-srvPort
55548
Successfully changed project path to: D:/lulep/Documents/Unity/LudumDare49/UnstableCityProject
D:/lulep/Documents/Unity/LudumDare49/UnstableCityProject
Using Asset Import Pipeline V2.
Refreshing native plugins compatible for Editor in 51.67 ms, found 2 plugins.
Preloading 0 native plugins for Editor in 0.00 ms.
Initialize engine version: 2020.3.16f1 (049d6eca3c44)
[Subsystems] Discovering subsystems at path D:/Program Files/Unity/2020.3.16f1/Editor/Data/Resources/UnitySubsystems
[Subsystems] Discovering subsystems at path D:/lulep/Documents/Unity/LudumDare49/UnstableCityProject/Assets
GfxDevice: creating device client; threaded=0
Direct3D:
    Version:  Direct3D 11.0 [level 11.1]
    Renderer: NVIDIA GeForce GTX 1050 Ti (ID=0x1c8c)
    Vendor:   
    VRAM:     4018 MB
    Driver:   27.21.14.6231
Shader 'Universal Render Pipeline/Particles/Lit': fallback shader 'Universal Render Pipeline/Particles/SimpleLit' not found
Initialize mono
Mono path[0] = 'D:/Program Files/Unity/2020.3.16f1/Editor/Data/Managed'
Mono path[1] = 'D:/Program Files/Unity/2020.3.16f1/Editor/Data/MonoBleedingEdge/lib/mono/unityjit'
Mono config path = 'D:/Program Files/Unity/2020.3.16f1/Editor/Data/MonoBleedingEdge/etc'
Using monoOptions --debugger-agent=transport=dt_socket,embedding=1,server=y,suspend=n,address=127.0.0.1:56708
Begin MonoManager ReloadAssembly
Registering precompiled unity dll's ...
Register platform support module: D:/Program Files/Unity/2020.3.16f1/Editor/Data/PlaybackEngines/MacStandaloneSupport/UnityEditor.OSXStandalone.Extensions.dll
Register platform support module: D:/Program Files/Unity/2020.3.16f1/Editor/Data/PlaybackEngines/WindowsStandaloneSupport/UnityEditor.WindowsStandalone.Extensions.dll
Register platform support module: D:/Program Files/Unity/2020.3.16f1/Editor/Data/PlaybackEngines/LinuxStandaloneSupport/UnityEditor.LinuxStandalone.Extensions.dll
Registered in 0.005638 seconds.
Native extension for LinuxStandalone target not found
Native extension for WindowsStandalone target not found
Native extension for OSXStandalone target not found
Refreshing native plugins compatible for Editor in 54.00 ms, found 2 plugins.
Preloading 0 native plugins for Editor in 0.00 ms.
Mono: successfully reloaded assembly
- Completed reload, in  1.291 seconds
Domain Reload Profiling:
	ReloadAssembly (1292ms)
		BeginReloadAssembly (67ms)
			ExecutionOrderSort (0ms)
			DisableScriptedObjects (0ms)
			BackupInstance (0ms)
			ReleaseScriptingObjects (0ms)
			CreateAndSetChildDomain (1ms)
		EndReloadAssembly (437ms)
			LoadAssemblies (64ms)
			RebuildTransferFunctionScriptingTraits (0ms)
			SetupTypeCache (147ms)
			ReleaseScriptCaches (0ms)
			RebuildScriptCaches (30ms)
			SetupLoadedEditorAssemblies (181ms)
				LogAssemblyErrors (0ms)
				InitializePlatformSupportModulesInManaged (7ms)
				SetLoadedEditorAssemblies (0ms)
				RefreshPlugins (54ms)
				BeforeProcessingInitializeOnLoad (16ms)
				ProcessInitializeOnLoadAttributes (76ms)
				ProcessInitializeOnLoadMethodAttributes (27ms)
				AfterProcessingInitializeOnLoad (0ms)
				EditorAssembliesLoaded (0ms)
			ExecutionOrderSort2 (0ms)
			AwakeInstancesAfterBackupRestoration (0ms)
Platform modules already initialized, skipping
Registering precompiled user dll's ...
Registered in 0.007973 seconds.
Begin MonoManager ReloadAssembly
Native extension for LinuxStandalone target not found
Native extension for WindowsStandalone target not found
Native extension for OSXStandalone target not found
Refreshing native plugins compatible for Editor in 51.53 ms, found 2 plugins.
Preloading 0 native plugins for Editor in 0.00 ms.
Mono: successfully reloaded assembly
- Completed reload, in  1.283 seconds
Domain Reload Profiling:
	ReloadAssembly (1285ms)
		BeginReloadAssembly (157ms)
			ExecutionOrderSort (0ms)
			DisableScriptedObjects (5ms)
			BackupInstance (0ms)
			ReleaseScriptingObjects (0ms)
			CreateAndSetChildDomain (19ms)
		EndReloadAssembly (1055ms)
			LoadAssemblies (111ms)
			RebuildTransferFunctionScriptingTraits (0ms)
			SetupTypeCache (322ms)
			ReleaseScriptCaches (0ms)
			RebuildScriptCaches (47ms)
			SetupLoadedEditorAssemblies (456ms)
				LogAssemblyErrors (0ms)
				InitializePlatformSupportModulesInManaged (7ms)
				SetLoadedEditorAssemblies (0ms)
				RefreshPlugins (52ms)
				BeforeProcessingInitializeOnLoad (105ms)
				ProcessInitializeOnLoadAttributes (270ms)
				ProcessInitializeOnLoadMethodAttributes (8ms)
				AfterProcessingInitializeOnLoad (14ms)
				EditorAssembliesLoaded (0ms)
			ExecutionOrderSort2 (0ms)
			AwakeInstancesAfterBackupRestoration (6ms)
Platform modules already initialized, skipping
========================================================================
Worker process is ready to serve import requests
Shader 'Universal Render Pipeline/Particles/Lit': fallback shader 'Universal Render Pipeline/Particles/SimpleLit' not found
Launched and connected shader compiler UnityShaderCompiler.exe after 0.07 seconds
Refreshing native plugins compatible for Editor in 0.88 ms, found 2 plugins.
Preloading 0 native plugins for Editor in 0.00 ms.
Unloading 2752 Unused Serialized files (Serialized files now loaded: 0)
System memory in use before: 122.8 MB.
System memory in use after: 123.0 MB.

Unloading 23 unused Assets to reduce memory usage. Loaded Objects now: 3191.
Total: 3.608200 ms (FindLiveObjects: 0.259800 ms CreateObjectMapping: 0.102300 ms MarkObjects: 3.168500 ms  DeleteObjects: 0.076700 ms)

AssetImportParameters requested are different than current active one (requested -> active):
  custom:framework-win-MediaFoundation: 216162199b28c13a410421893ffa2e32 -> 
  custom:video-decoder-ogg-theora: a1e56fd34408186e4bbccfd4996cb3dc -> 
  custom:container-muxer-webm: aa71ff27fc2769a1b78a27578f13a17b -> 
  custom:container-demuxer-webm: 4f35f7cbe854078d1ac9338744f61a02 -> 
  custom:container-demuxer-ogg: 62fdf1f143b41e24485cea50d1cbac27 -> 
  custom:video-encoder-webm-vp8: eb34c28f22e8b96e1ab97ce403110664 -> 
  custom:video-codec-MediaFoundation-h265: 746d11721c4dcdbdad8f713fa42b33f4 -> 
  custom:video-decoder-webm-vp8: 9c59270c3fd7afecdb556c50c9e8de78 -> 
  custom:audio-decoder-ogg-vorbis: bf7c407c2cedff20999df2af8eb42d56 -> 
  custom:audio-encoder-webm-vorbis: bf7c407c2cedff20999df2af8eb42d56 -> 
========================================================================
Received Import Request.
  path: Assets/Scenes
  artifactKey: Guid(3751b5a543a18ea4fa290f72e58db0d2) Importer(815301076,1909f56bfc062723c751e8b465ee728b)
Start importing Assets/Scenes using Guid(3751b5a543a18ea4fa290f72e58db0d2) Importer(815301076,1909f56bfc062723c751e8b465ee728b)  -> (artifact id: '7e1ee79f0fd47a0fe90989c6c0e84973') in 0.010714 seconds 
  Import took 0.014721 seconds .

========================================================================
Received Import Request.
  Time since last request: 0.000329 seconds.
  path: Assets/Scenes/Main.unity
  artifactKey: Guid(9fc0d4010bbf28b4594072e72b8655ab) Importer(815301076,1909f56bfc062723c751e8b465ee728b)
Start importing Assets/Scenes/Main.unity using Guid(9fc0d4010bbf28b4594072e72b8655ab) Importer(815301076,1909f56bfc062723c751e8b465ee728b)  -> (artifact id: '35ee04a79eed1eb7574b90bc3f04fb81') in 0.017340 seconds 
  Import took 0.021813 seconds .

========================================================================
Received Import Request.
  Time since last request: 141.200028 seconds.
  path: Assets/Assets_DevilsWorkShop/Low_Poly_Pixel_2D_Blocks_DevilsWorkShop_v04/Textures/assets_1024x1024/isometric_0007.png
  artifactKey: Guid(b121dc43358bd07428d9d72fb1cb4511) Importer(815301076,1909f56bfc062723c751e8b465ee728b)
Start importing Assets/Assets_DevilsWorkShop/Low_Poly_Pixel_2D_Blocks_DevilsWorkShop_v04/Textures/assets_1024x1024/isometric_0007.png using Guid(b121dc43358bd07428d9d72fb1cb4511) Importer(815301076,1909f56bfc062723c751e8b465ee728b)  -> (artifact id: 'fa6cf869aaf167cd7a12d36a4027d23b') in 0.146008 seconds 
  Import took 0.151049 seconds .

========================================================================
Received Import Request.
  Time since last request: 0.000309 seconds.
  path: Assets/Assets_DevilsWorkShop/Low_Poly_Pixel_2D_Blocks_DevilsWorkShop_v04/Textures/assets_1024x1024/isometric_0013.png
  artifactKey: Guid(3cbb6bc70dd3f1640a81928b72a3cf98) Importer(815301076,1909f56bfc062723c751e8b465ee728b)
Start importing Assets/Assets_DevilsWorkShop/Low_Poly_Pixel_2D_Blocks_DevilsWorkShop_v04/Textures/assets_1024x1024/isometric_0013.png using Guid(3cbb6bc70dd3f1640a81928b72a3cf98) Importer(815301076,1909f56bfc062723c751e8b465ee728b)  -> (artifact id: '07d5c87449ad2baafdcf48448377e920') in 0.087381 seconds 
  Import took 0.091577 seconds .

========================================================================
Received Import Request.
  Time since last request: 0.000234 seconds.
  path: Assets/Assets_DevilsWorkShop/Low_Poly_Pixel_2D_Blocks_DevilsWorkShop_v04/Textures/assets_1024x1024/isometric_0036.png
  artifactKey: Guid(bdef6fb3855cc8d4b8e2baed47bbec70) Importer(815301076,1909f56bfc062723c751e8b465ee728b)
Start importing Assets/Assets_DevilsWorkShop/Low_Poly_Pixel_2D_Blocks_DevilsWorkShop_v04/Textures/assets_1024x1024/isometric_0036.png using Guid(bdef6fb3855cc8d4b8e2baed47bbec70) Importer(815301076,1909f56bfc062723c751e8b465ee728b)  -> (artifact id: '8f39423a848dec00abf9538083725b60') in 0.065582 seconds 
  Import took 0.069895 seconds .

========================================================================
Received Import Request.
  Time since last request: 0.000315 seconds.
  path: Assets/Assets_DevilsWorkShop/Low_Poly_Pixel_2D_Blocks_DevilsWorkShop_v04/Textures/assets_1024x1024/isometric_0041.png
  artifactKey: Guid(a3d4ef92566b0074590ab2c76e52c83b) Importer(815301076,1909f56bfc062723c751e8b465ee728b)
Start importing Assets/Assets_DevilsWorkShop/Low_Poly_Pixel_2D_Blocks_DevilsWorkShop_v04/Textures/assets_1024x1024/isometric_0041.png using Guid(a3d4ef92566b0074590ab2c76e52c83b) Importer(815301076,1909f56bfc062723c751e8b465ee728b)  -> (artifact id: 'b2eb10d961f7e0fff860298f80b7da8e') in 0.071396 seconds 
  Import took 0.075165 seconds .

========================================================================
Received Import Request.
  Time since last request: 0.000267 seconds.
  path: Assets/Assets_DevilsWorkShop/Low_Poly_Pixel_2D_Blocks_DevilsWorkShop_v04/Textures/assets_1024x1024/isometric_0038.png
  artifactKey: Guid(523f2d1d0a5b49f4ebc95c113569932b) Importer(815301076,1909f56bfc062723c751e8b465ee728b)
Start importing Assets/Assets_DevilsWorkShop/Low_Poly_Pixel_2D_Blocks_DevilsWorkShop_v04/Textures/assets_1024x1024/isometric_0038.png using Guid(523f2d1d0a5b49f4ebc95c113569932b) Importer(815301076,1909f56bfc062723c751e8b465ee728b)  -> (artifact id: 'afb96c2e210642ac8514780eb2f499ff') in 0.067275 seconds 
  Import took 0.070982 seconds .

========================================================================
Received Import Request.
  Time since last request: 0.000301 seconds.
  path: Assets/Assets_DevilsWorkShop/Low_Poly_Pixel_2D_Blocks_DevilsWorkShop_v04/Textures/assets_1024x1024/isometric_0057.png
  artifactKey: Guid(93e84bdba91530d4495f3ef2e6802207) Importer(815301076,1909f56bfc062723c751e8b465ee728b)
Start importing Assets/Assets_DevilsWorkShop/Low_Poly_Pixel_2D_Blocks_DevilsWorkShop_v04/Textures/assets_1024x1024/isometric_0057.png using Guid(93e84bdba91530d4495f3ef2e6802207) Importer(815301076,1909f56bfc062723c751e8b465ee728b)  -> (artifact id: '9aad762d3bb7c3eb631902aa01fe4067') in 0.030798 seconds 
  Import took 0.034598 seconds .

========================================================================
Received Import Request.
  Time since last request: 0.000227 seconds.
  path: Assets/Assets_DevilsWorkShop/Low_Poly_Pixel_2D_Blocks_DevilsWorkShop_v04/Textures/assets_1024x1024/isometric_0058.png
  artifactKey: Guid(a0cd43e01252ec340bc7a2ab9bc9ee3c) Importer(815301076,1909f56bfc062723c751e8b465ee728b)
Start importing Assets/Assets_DevilsWorkShop/Low_Poly_Pixel_2D_Blocks_DevilsWorkShop_v04/Textures/assets_1024x1024/isometric_0058.png using Guid(a0cd43e01252ec340bc7a2ab9bc9ee3c) Importer(815301076,1909f56bfc062723c751e8b465ee728b)  -> (artifact id: 'e833aabe88d5f1a4b93e2bc2c433b3b3') in 0.060438 seconds 
  Import took 0.102612 seconds .

========================================================================
Received Import Request.
  Time since last request: 0.000325 seconds.
  path: Assets/Assets_DevilsWorkShop/Low_Poly_Pixel_2D_Blocks_DevilsWorkShop_v04/Textures/assets_1024x1024/isometric_0015.png
  artifactKey: Guid(43fa9ab15009c65488f1cd9a878f53f2) Importer(815301076,1909f56bfc062723c751e8b465ee728b)
Start importing Assets/Assets_DevilsWorkShop/Low_Poly_Pixel_2D_Blocks_DevilsWorkShop_v04/Textures/assets_1024x1024/isometric_0015.png using Guid(43fa9ab15009c65488f1cd9a878f53f2) Importer(815301076,1909f56bfc062723c751e8b465ee728b)  -> (artifact id: '1220d005c5821c180163af9d9af61c03') in 0.044611 seconds 
  Import took 0.048317 seconds .

========================================================================
Received Import Request.
  Time since last request: 0.000309 seconds.
  path: Assets/Assets_DevilsWorkShop/Low_Poly_Pixel_2D_Blocks_DevilsWorkShop_v04/Textures/assets_1024x1024/isometric_0010.png
  artifactKey: Guid(081c379b6079ca64197cc3c05d28a294) Importer(815301076,1909f56bfc062723c751e8b465ee728b)
Start importing Assets/Assets_DevilsWorkShop/Low_Poly_Pixel_2D_Blocks_DevilsWorkShop_v04/Textures/assets_1024x1024/isometric_0010.png using Guid(081c379b6079ca64197cc3c05d28a294) Importer(815301076,1909f56bfc062723c751e8b465ee728b)  -> (artifact id: '34ae2f202cbdc41a2e8640bdcc48c5f6') in 0.022828 seconds 
  Import took 0.026656 seconds .

========================================================================
Received Import Request.
  Time since last request: 0.000286 seconds.
  path: Assets/Assets_DevilsWorkShop/Low_Poly_Pixel_2D_Blocks_DevilsWorkShop_v04/Textures/assets_1024x1024/isometric_0056.png
  artifactKey: Guid(8dbf8a44206fbaf4d8376d485052b917) Importer(815301076,1909f56bfc062723c751e8b465ee728b)
Start importing Assets/Assets_DevilsWorkShop/Low_Poly_Pixel_2D_Blocks_DevilsWorkShop_v04/Textures/assets_1024x1024/isometric_0056.png using Guid(8dbf8a44206fbaf4d8376d485052b917) Importer(815301076,1909f56bfc062723c751e8b465ee728b)  -> (artifact id: 'c5777f7521f175fd7ea2861e35bd772e') in 0.041285 seconds 
  Import took 0.045582 seconds .

========================================================================
Received Import Request.
  Time since last request: 0.000224 seconds.
  path: Assets/Assets_DevilsWorkShop/Low_Poly_Pixel_2D_Blocks_DevilsWorkShop_v04/Textures/assets_1024x1024/isometric_0016.png
  artifactKey: Guid(1357e111efacc774b9a53933f7263c10) Importer(815301076,1909f56bfc062723c751e8b465ee728b)
Start importing Assets/Assets_DevilsWorkShop/Low_Poly_Pixel_2D_Blocks_DevilsWorkShop_v04/Textures/assets_1024x1024/isometric_0016.png using Guid(1357e111efacc774b9a53933f7263c10) Importer(815301076,1909f56bfc062723c751e8b465ee728b)  -> (artifact id: '32b294e6c47eb6a332766a30b10d64a3') in 0.042204 seconds 
  Import took 0.046352 seconds .

========================================================================
Received Import Request.
  Time since last request: 0.000312 seconds.
  path: Assets/Assets_DevilsWorkShop/Low_Poly_Pixel_2D_Blocks_DevilsWorkShop_v04/Textures/assets_1024x1024/isometric_0039.png
  artifactKey: Guid(7b8c1fd4fb0476c44a44a87220055617) Importer(815301076,1909f56bfc062723c751e8b465ee728b)
Start importing Assets/Assets_DevilsWorkShop/Low_Poly_Pixel_2D_Blocks_DevilsWorkShop_v04/Textures/assets_1024x1024/isometric_0039.png using Guid(7b8c1fd4fb0476c44a44a87220055617) Importer(815301076,1909f56bfc062723c751e8b465ee728b)  -> (artifact id: '9eb5ce70c6d5a071f7083e75dfd5c144') in 0.035201 seconds 
  Import took 0.055909 seconds .

========================================================================
Received Import Request.
  Time since last request: 0.000289 seconds.
  path: Assets/Assets_DevilsWorkShop/Low_Poly_Pixel_2D_Blocks_DevilsWorkShop_v04/Textures/assets_1024x1024/isometric_0055.png
  artifactKey: Guid(bd48400dd38bc8b458f79b5cb36b3184) Importer(815301076,1909f56bfc062723c751e8b465ee728b)
Start importing Assets/Assets_DevilsWorkShop/Low_Poly_Pixel_2D_Blocks_DevilsWorkShop_v04/Textures/assets_1024x1024/isometric_0055.png using Guid(bd48400dd38bc8b458f79b5cb36b3184) Importer(815301076,1909f56bfc062723c751e8b465ee728b)  -> (artifact id: '86a04c262b467b1090b5437380bb6530') in 0.022549 seconds 
  Import took 0.026593 seconds .

========================================================================
Received Import Request.
  Time since last request: 0.000302 seconds.
  path: Assets/Assets_DevilsWorkShop/Low_Poly_Pixel_2D_Blocks_DevilsWorkShop_v04/Textures/assets_1024x1024/isometric_0012.png
  artifactKey: Guid(ccfc879a69b71d74f90b8f9bc301167d) Importer(815301076,1909f56bfc062723c751e8b465ee728b)
Start importing Assets/Assets_DevilsWorkShop/Low_Poly_Pixel_2D_Blocks_DevilsWorkShop_v04/Textures/assets_1024x1024/isometric_0012.png using Guid(ccfc879a69b71d74f90b8f9bc301167d) Importer(815301076,1909f56bfc062723c751e8b465ee728b)  -> (artifact id: 'd6bb42e5d06811c6a91595119ddc9a6e') in 0.065507 seconds 
  Import took 0.069695 seconds .

========================================================================
Received Import Request.
  Time since last request: 0.000300 seconds.
  path: Assets/Assets_DevilsWorkShop/Low_Poly_Pixel_2D_Blocks_DevilsWorkShop_v04/Textures/assets_1024x1024/isometric_0009.png
  artifactKey: Guid(669234173e3f78244a962bf8e2857434) Importer(815301076,1909f56bfc062723c751e8b465ee728b)
Start importing Assets/Assets_DevilsWorkShop/Low_Poly_Pixel_2D_Blocks_DevilsWorkShop_v04/Textures/assets_1024x1024/isometric_0009.png using Guid(669234173e3f78244a962bf8e2857434) Importer(815301076,1909f56bfc062723c751e8b465ee728b)  -> (artifact id: '161c59aab49f5672d8aee5732884dfc4') in 0.082676 seconds 
  Import took 0.086397 seconds .

========================================================================
Received Import Request.
  Time since last request: 0.000298 seconds.
  path: Assets/Assets_DevilsWorkShop/Low_Poly_Pixel_2D_Blocks_DevilsWorkShop_v04/Textures/assets_1024x1024/isometric_0007.png
  artifactKey: Guid(b121dc43358bd07428d9d72fb1cb4511) Importer(815301076,1909f56bfc062723c751e8b465ee728b)
Start importing Assets/Assets_DevilsWorkShop/Low_Poly_Pixel_2D_Blocks_DevilsWorkShop_v04/Textures/assets_1024x1024/isometric_0007.png using Guid(b121dc43358bd07428d9d72fb1cb4511) Importer(815301076,1909f56bfc062723c751e8b465ee728b)  -> (artifact id: 'fa6cf869aaf167cd7a12d36a4027d23b') in 0.014231 seconds 
  Import took 0.018052 seconds .

========================================================================
Received Import Request.
  Time since last request: 0.000322 seconds.
  path: Assets/Assets_DevilsWorkShop/Low_Poly_Pixel_2D_Blocks_DevilsWorkShop_v04/Textures/assets_1024x1024/isometric_0008.png
  artifactKey: Guid(5a34d9a4a7a31ad4aa2cf971d8164ab5) Importer(815301076,1909f56bfc062723c751e8b465ee728b)
Start importing Assets/Assets_DevilsWorkShop/Low_Poly_Pixel_2D_Blocks_DevilsWorkShop_v04/Textures/assets_1024x1024/isometric_0008.png using Guid(5a34d9a4a7a31ad4aa2cf971d8164ab5) Importer(815301076,1909f56bfc062723c751e8b465ee728b)  -> (artifact id: 'd755e0cd8465e6cdc7580eb62401c7de') in 0.024463 seconds 
  Import took 0.028872 seconds .

========================================================================
Received Import Request.
  Time since last request: 0.000293 seconds.
  path: Assets/Assets_DevilsWorkShop/Low_Poly_Pixel_2D_Blocks_DevilsWorkShop_v04/Textures/assets_1024x1024/isometric_0011.png
  artifactKey: Guid(4bad7d44ed623ab4db032f3a188cd807) Importer(815301076,1909f56bfc062723c751e8b465ee728b)
Start importing Assets/Assets_DevilsWorkShop/Low_Poly_Pixel_2D_Blocks_DevilsWorkShop_v04/Textures/assets_1024x1024/isometric_0011.png using Guid(4bad7d44ed623ab4db032f3a188cd807) Importer(815301076,1909f56bfc062723c751e8b465ee728b)  -> (artifact id: '1847bd4debec0353ed4a2356ed8585e7') in 0.024457 seconds 
  Import took 0.029134 seconds .

========================================================================
Received Import Request.
  Time since last request: 0.000258 seconds.
  path: Assets/Assets_DevilsWorkShop/Low_Poly_Pixel_2D_Blocks_DevilsWorkShop_v04/Textures/assets_1024x1024/isometric_0040.png
  artifactKey: Guid(d1cdc69784ba53c48a1f05b66a5880c2) Importer(815301076,1909f56bfc062723c751e8b465ee728b)
Start importing Assets/Assets_DevilsWorkShop/Low_Poly_Pixel_2D_Blocks_DevilsWorkShop_v04/Textures/assets_1024x1024/isometric_0040.png using Guid(d1cdc69784ba53c48a1f05b66a5880c2) Importer(815301076,1909f56bfc062723c751e8b465ee728b)  -> (artifact id: '6c8b2ac046b89c4062f96f1998019ae3') in 0.065520 seconds 
  Import took 0.070633 seconds .

========================================================================
Received Import Request.
  Time since last request: 0.000248 seconds.
  path: Assets/Assets_DevilsWorkShop/Low_Poly_Pixel_2D_Blocks_DevilsWorkShop_v04/Textures/assets_1024x1024/isometric_0011.png
  artifactKey: Guid(4bad7d44ed623ab4db032f3a188cd807) Importer(815301076,1909f56bfc062723c751e8b465ee728b)
Start importing Assets/Assets_DevilsWorkShop/Low_Poly_Pixel_2D_Blocks_DevilsWorkShop_v04/Textures/assets_1024x1024/isometric_0011.png using Guid(4bad7d44ed623ab4db032f3a188cd807) Importer(815301076,1909f56bfc062723c751e8b465ee728b)  -> (artifact id: '1847bd4debec0353ed4a2356ed8585e7') in 0.014573 seconds 
  Import took 0.018963 seconds .

========================================================================
Received Import Request.
  Time since last request: 0.000267 seconds.
  path: Assets/Assets_DevilsWorkShop/Low_Poly_Pixel_2D_Blocks_DevilsWorkShop_v04/Textures/assets_1024x1024/isometric_0037.png
  artifactKey: Guid(244108f519cdeb34eb714a0f2b343c25) Importer(815301076,1909f56bfc062723c751e8b465ee728b)
Start importing Assets/Assets_DevilsWorkShop/Low_Poly_Pixel_2D_Blocks_DevilsWorkShop_v04/Textures/assets_1024x1024/isometric_0037.png using Guid(244108f519cdeb34eb714a0f2b343c25) Importer(815301076,1909f56bfc062723c751e8b465ee728b)  -> (artifact id: '64ab8b44d266b3cc1e99efc42833460c') in 0.016036 seconds 
  Import took 0.020763 seconds .

========================================================================
Received Import Request.
  Time since last request: 0.000304 seconds.
  path: Assets/Assets_DevilsWorkShop/Low_Poly_Pixel_2D_Blocks_DevilsWorkShop_v04/Textures/assets_1024x1024/isometric_0042.png
  artifactKey: Guid(535fa1a79ff6ec94b8f0772f90ff66c8) Importer(815301076,1909f56bfc062723c751e8b465ee728b)
Start importing Assets/Assets_DevilsWorkShop/Low_Poly_Pixel_2D_Blocks_DevilsWorkShop_v04/Textures/assets_1024x1024/isometric_0042.png using Guid(535fa1a79ff6ec94b8f0772f90ff66c8) Importer(815301076,1909f56bfc062723c751e8b465ee728b)  -> (artifact id: 'b328cb0b7288370391e55dcbee01ea7b') in 0.043683 seconds 
  Import took 0.047977 seconds .

========================================================================
Received Import Request.
  Time since last request: 0.000298 seconds.
  path: Assets/Assets_DevilsWorkShop/Low_Poly_Pixel_2D_Blocks_DevilsWorkShop_v04/Textures/assets_1024x1024/isometric_0053.png
  artifactKey: Guid(5fd0dda6eed6fa545a09199d10d62514) Importer(815301076,1909f56bfc062723c751e8b465ee728b)
Start importing Assets/Assets_DevilsWorkShop/Low_Poly_Pixel_2D_Blocks_DevilsWorkShop_v04/Textures/assets_1024x1024/isometric_0053.png using Guid(5fd0dda6eed6fa545a09199d10d62514) Importer(815301076,1909f56bfc062723c751e8b465ee728b)  -> (artifact id: '6aca4d2314148a6e0c0d6453e6114a57') in 0.019330 seconds 
  Import took 0.024641 seconds .

========================================================================
Received Import Request.
  Time since last request: 0.000303 seconds.
  path: Assets/Assets_DevilsWorkShop/Low_Poly_Pixel_2D_Blocks_DevilsWorkShop_v04/Textures/assets_1024x1024/isometric_0014.png
  artifactKey: Guid(ecd848425f9bdad45953d892ca30422d) Importer(815301076,1909f56bfc062723c751e8b465ee728b)
Start importing Assets/Assets_DevilsWorkShop/Low_Poly_Pixel_2D_Blocks_DevilsWorkShop_v04/Textures/assets_1024x1024/isometric_0014.png using Guid(ecd848425f9bdad45953d892ca30422d) Importer(815301076,1909f56bfc062723c751e8b465ee728b)  -> (artifact id: '1d0045047217d86a0291e10829ed71b7') in 0.051986 seconds 
  Import took 0.056289 seconds .

========================================================================
Received Import Request.
  Time since last request: 0.000302 seconds.
  path: Assets/Assets_DevilsWorkShop/Low_Poly_Pixel_2D_Blocks_DevilsWorkShop_v04/Textures/assets_1024x1024/isometric_0054.png
  artifactKey: Guid(67cb2abf631ad7f43ac2c3e6d8d56076) Importer(815301076,1909f56bfc062723c751e8b465ee728b)
Start importing Assets/Assets_DevilsWorkShop/Low_Poly_Pixel_2D_Blocks_DevilsWorkShop_v04/Textures/assets_1024x1024/isometric_0054.png using Guid(67cb2abf631ad7f43ac2c3e6d8d56076) Importer(815301076,1909f56bfc062723c751e8b465ee728b)  -> (artifact id: 'a24032ab24dda782d95423734cc5a782') in 0.044963 seconds 
  Import took 0.048769 seconds .

